#
# A fatal error has been detected by the Java Runtime Environment:
#
#  EXCEPTION_ACCESS_VIOLATION (0xc0000005) at pc=0x000000006b5f5127, pid=8444, tid=0x0000000000006890
#
# JRE version: Java(TM) SE Runtime Environment (8.0_251-b08) (build 1.8.0_251-b08)
# Java VM: Java HotSpot(TM) 64-Bit Server VM (25.251-b08 mixed mode windows-amd64 compressed oops)
# Problematic frame:
# V  [jvm.dll+0x215127]
#
# Failed to write core dump. Minidumps are not enabled by default on client versions of Windows
#
# If you would like to submit a bug report, please visit:
#   http://bugreport.java.com/bugreport/crash.jsp
#

---------------  T H R E A D  ---------------

Current thread (0x0000000020d41000):  JavaThread "http-nio-8081-exec-8" daemon [_thread_in_vm, id=26768, stack(0x0000000023ae0000,0x0000000023be0000)]

siginfo: ExceptionCode=0xc0000005, writing address 0x0000000023bd90f0

Registers:
RAX=0x0000000023bd90f0, RBX=0x0000000000000007, RCX=0x0000000000006000, RDX=0x0000000000000006
RSP=0x0000000023bdf0f0, RBP=0x0000000000000000, RSI=0x0000000023bdf0f0, RDI=0x0000000000000007
R8 =0x0000000000000006, R9 =0x0000000020970070, R10=0x000000001bc2edf8, R11=0x0000000023aea148
R12=0x0000000020970070, R13=0x0000000020d41000, R14=0x0000000023bdf1b8, R15=0x000000001bc2edf8
RIP=0x000000006b5f5127, EFLAGS=0x0000000000010206

Top of Stack: (sp=0x0000000023bdf0f0)
0x0000000023bdf0f0:   0000000000000000 00000007c0006c48
0x0000000023bdf100:   0000000020d41000 0000000020970070
0x0000000023bdf110:   00000000ffffffff 000000006b5f6057
0x0000000023bdf120:   0000000023bdf220 000000001bc2edf8
0x0000000023bdf130:   0000000020d41000 000000006b4a1193
0x0000000023bdf140:   0000000023bdf180 0000000020d41000
0x0000000023bdf150:   0000000023bdf210 0000000020d41000
0x0000000023bdf160:   000000001bc2edf8 0000000020d41000
0x0000000023bdf170:   0000000002e1a460 0000000020d41000
0x0000000023bdf180:   000000001bc2edf8 0000000020d41000
0x0000000023bdf190:   000000001bc2edf8 0000000020d41000
0x0000000023bdf1a0:   0000000000000001 000000001bc2edf8
0x0000000023bdf1b0:   0000000020d41000 0000000020d49020
0x0000000023bdf1c0:   0000000020d41000 000000006b4a28fd
0x0000000023bdf1d0:   0000000023bdf4d8 00000007c0006c48
0x0000000023bdf1e0:   00000007c03c31b0 000000006b5a0ba3 

Instructions: (pc=0x000000006b5f5127)
0x000000006b5f5107:   48 89 6c 24 30 33 ed 66 90 e8 6b 5e 08 00 ff c3
0x000000006b5f5117:   48 63 c8 48 8b c6 48 0f af cf 48 ff c7 48 2b c1
0x000000006b5f5127:   89 28 48 63 c3 48 3b 05 f5 f8 59 00 7e db 48 8b
0x000000006b5f5137:   6c 24 30 48 8b 5c 24 38 48 8b 74 24 40 48 83 c4 


Register to memory mapping:

RAX=0x0000000023bd90f0 is pointing into the stack for thread: 0x0000000020d41000
RBX=0x0000000000000007 is an unknown value
RCX=0x0000000000006000 is an unknown value
RDX=0x0000000000000006 is an unknown value
RSP=0x0000000023bdf0f0 is pointing into the stack for thread: 0x0000000020d41000
RBP=0x0000000000000000 is an unknown value
RSI=0x0000000023bdf0f0 is pointing into the stack for thread: 0x0000000020d41000
RDI=0x0000000000000007 is an unknown value
R8 =0x0000000000000006 is an unknown value
R9 =0x0000000020970070 is an unknown value
R10={method} {0x000000001bc2ee00} 'run' '()V' in 'java/lang/Thread'
R11=0x0000000023aea148 is pointing into the stack for thread: 0x0000000020d41000
R12=0x0000000020970070 is an unknown value
R13=0x0000000020d41000 is a thread
R14=0x0000000023bdf1b8 is pointing into the stack for thread: 0x0000000020d41000
R15={method} {0x000000001bc2ee00} 'run' '()V' in 'java/lang/Thread'


Stack: [0x0000000023ae0000,0x0000000023be0000],  sp=0x0000000023bdf0f0,  free space=1020k
Native frames: (J=compiled Java code, j=interpreted, Vv=VM code, C=native code)


---------------  P R O C E S S  ---------------

Java Threads: ( => current thread )
  0x0000000020d8d000 JavaThread "http-nio-8081-Acceptor" daemon [_thread_in_native, id=5424, stack(0x0000000023ee0000,0x0000000023fe0000)]
  0x0000000020d91000 JavaThread "http-nio-8081-ClientPoller" daemon [_thread_in_native, id=21680, stack(0x0000000023de0000,0x0000000023ee0000)]
  0x0000000020d93000 JavaThread "http-nio-8081-exec-10" daemon [_thread_blocked, id=15288, stack(0x0000000023ce0000,0x0000000023de0000)]
  0x0000000020d8e800 JavaThread "http-nio-8081-exec-9" daemon [_thread_blocked, id=21668, stack(0x0000000023be0000,0x0000000023ce0000)]
=>0x0000000020d41000 JavaThread "http-nio-8081-exec-8" daemon [_thread_in_vm, id=26768, stack(0x0000000023ae0000,0x0000000023be0000)]
  0x0000000020d44000 JavaThread "http-nio-8081-exec-7" daemon [_thread_blocked, id=22040, stack(0x00000000239e0000,0x0000000023ae0000)]
  0x0000000020d40000 JavaThread "http-nio-8081-exec-6" daemon [_thread_blocked, id=8984, stack(0x00000000238e0000,0x00000000239e0000)]
  0x0000000020d3f800 JavaThread "http-nio-8081-exec-5" daemon [_thread_blocked, id=16396, stack(0x00000000237e0000,0x00000000238e0000)]
  0x0000000020d42800 JavaThread "http-nio-8081-exec-4" daemon [_thread_blocked, id=15088, stack(0x00000000236e0000,0x00000000237e0000)]
  0x0000000020d41800 JavaThread "http-nio-8081-exec-3" daemon [_thread_blocked, id=3372, stack(0x00000000235e0000,0x00000000236e0000)]
  0x0000000020d45800 JavaThread "http-nio-8081-exec-2" daemon [_thread_blocked, id=9052, stack(0x00000000234e0000,0x00000000235e0000)]
  0x0000000020d43000 JavaThread "http-nio-8081-exec-1" daemon [_thread_blocked, id=3300, stack(0x00000000233e0000,0x00000000234e0000)]
  0x0000000020d44800 JavaThread "JMX server connection timeout 31" daemon [_thread_blocked, id=19680, stack(0x00000000232e0000,0x00000000233e0000)]
  0x0000000020d3e800 JavaThread "http-nio-8081-BlockPoller" daemon [_thread_in_native, id=20852, stack(0x00000000231e0000,0x00000000232e0000)]
  0x000000001e1c7000 JavaThread "HikariPool-1 connection adder" daemon [_thread_blocked, id=11392, stack(0x0000000022ae0000,0x0000000022be0000)]
  0x0000000020a4f800 JavaThread "task-1" [_thread_in_vm, id=23184, stack(0x00000000227e0000,0x00000000228e0000)]
  0x0000000020a15800 JavaThread "HikariPool-1 housekeeper" daemon [_thread_blocked, id=21568, stack(0x00000000226e0000,0x00000000227e0000)]
  0x000000002071f800 JavaThread "Abandoned connection cleanup thread" daemon [_thread_blocked, id=20900, stack(0x0000000021ee0000,0x0000000021fe0000)]
  0x00000000206a2000 JavaThread "container-0" [_thread_blocked, id=27120, stack(0x0000000021de0000,0x0000000021ee0000)]
  0x00000000206ea800 JavaThread "Catalina-utility-2" [_thread_blocked, id=19252, stack(0x0000000021ce0000,0x0000000021de0000)]
  0x00000000206ea000 JavaThread "Catalina-utility-1" [_thread_blocked, id=27484, stack(0x0000000021be0000,0x0000000021ce0000)]
  0x0000000020016800 JavaThread "RMI Scheduler(0)" daemon [_thread_blocked, id=23896, stack(0x00000000210e0000,0x00000000211e0000)]
  0x000000001fef2000 JavaThread "RMI TCP Connection(1)-172.16.56.71" daemon [_thread_in_native, id=18448, stack(0x0000000020fe0000,0x00000000210e0000)]
  0x000000001ebc3000 JavaThread "RMI TCP Accept-0" daemon [_thread_in_native, id=5660, stack(0x000000001f460000,0x000000001f560000)]
  0x000000001e92d800 JavaThread "Service Thread" daemon [_thread_blocked, id=25016, stack(0x000000001f360000,0x000000001f460000)]
  0x000000001e8b1800 JavaThread "C1 CompilerThread2" daemon [_thread_blocked, id=11516, stack(0x000000001f260000,0x000000001f360000)]
  0x000000001e35c800 JavaThread "C2 CompilerThread1" daemon [_thread_blocked, id=8632, stack(0x000000001f160000,0x000000001f260000)]
  0x000000001e35b800 JavaThread "C2 CompilerThread0" daemon [_thread_blocked, id=19676, stack(0x000000001f060000,0x000000001f160000)]
  0x000000001dfc9000 JavaThread "JDWP Command Reader" daemon [_thread_in_native, id=11496, stack(0x000000001e760000,0x000000001e860000)]
  0x000000001dfc7800 JavaThread "JDWP Event Helper Thread" daemon [_thread_blocked, id=11372, stack(0x000000001e660000,0x000000001e760000)]
  0x000000001dfb9000 JavaThread "JDWP Transport Listener: dt_socket" daemon [_thread_blocked, id=26548, stack(0x000000001e560000,0x000000001e660000)]
  0x000000001df6b800 JavaThread "Attach Listener" daemon [_thread_blocked, id=15100, stack(0x000000001e460000,0x000000001e560000)]
  0x000000001dfb6800 JavaThread "Signal Dispatcher" daemon [_thread_blocked, id=22564, stack(0x000000001e360000,0x000000001e460000)]
  0x0000000002c6c800 JavaThread "Finalizer" daemon [_thread_blocked, id=26552, stack(0x000000001de60000,0x000000001df60000)]
  0x000000001c5cc000 JavaThread "Reference Handler" daemon [_thread_blocked, id=12208, stack(0x000000001dd60000,0x000000001de60000)]
  0x0000000002b78000 JavaThread "main" [_thread_blocked, id=6472, stack(0x0000000002a60000,0x0000000002b60000)]

Other Threads:
  0x000000001c5a8000 VMThread [stack: 0x000000001dc60000,0x000000001dd60000] [id=27140]
  0x000000001ebce000 WatcherThread [stack: 0x000000001f560000,0x000000001f660000] [id=24196]

VM state:synchronizing (normal execution)

VM Mutex/Monitor currently owned by a thread:  ([mutex/lock_event])
[0x0000000002b75570] Threads_lock - owner thread: 0x000000001c5a8000
[0x0000000002b76d80] Heap_lock - owner thread: 0x0000000002b78000

OutOfMemory and StackOverflow Exception counts:
OutOfMemoryError java_heap_errors=4

heap address: 0x00000006c2000000, size: 4064 MB, Compressed Oops mode: Zero based, Oop shift amount: 3
Narrow klass base: 0x0000000000000000, Narrow klass shift: 3
Compressed class space size: 1073741824 Address: 0x00000007c0000000

Heap:
 PSYoungGen      total 179712K, used 106782K [0x000000076b580000, 0x0000000779d00000, 0x00000007c0000000)
  eden space 168448K, 63% used [0x000000076b580000,0x0000000771dc7a30,0x0000000775a00000)
  from space 11264K, 0% used [0x0000000776580000,0x0000000776580000,0x0000000777080000)
  to   space 11776K, 0% used [0x0000000775a00000,0x0000000775a00000,0x0000000776580000)
 ParOldGen       total 140800K, used 15625K [0x00000006c2000000, 0x00000006ca980000, 0x000000076b580000)
  object space 140800K, 11% used [0x00000006c2000000,0x00000006c2f42568,0x00000006ca980000)
 Metaspace       used 40481K, capacity 42698K, committed 42928K, reserved 1087488K
  class space    used 5409K, capacity 5798K, committed 5808K, reserved 1048576K

Card table byte_map: [0x00000000121c0000,0x00000000129c0000] byte_map_base: 0x000000000ebb0000

Marking Bits: (ParMarkBitMap*) 0x000000006bc0af90
 Begin Bits: [0x0000000013510000, 0x0000000017490000)
 End Bits:   [0x0000000017490000, 0x000000001b410000)

Polling page: 0x0000000000a20000

CodeCache: size=245760Kb used=7959Kb max_used=7959Kb free=237800Kb
 bounds [0x0000000002e00000, 0x00000000035d0000, 0x0000000011e00000]
 total_blobs=4265 nmethods=3740 adapters=445
 compilation: enabled

Compilation events (10 events):
Event: 3.545 Thread 0x000000001e8b1800 3713       1       java.nio.charset.CharsetEncoder::flush (49 bytes)
Event: 3.545 Thread 0x000000001e8b1800 nmethod 3713 0x00000000035b07d0 code [0x00000000035b0940, 0x00000000035b0b08]
Event: 3.545 Thread 0x000000001e8b1800 3714       1       java.nio.charset.CharsetEncoder::implFlush (4 bytes)
Event: 3.545 Thread 0x000000001e8b1800 nmethod 3714 0x00000000035b0bd0 code [0x00000000035b0d20, 0x00000000035b0e30]
Event: 3.545 Thread 0x000000001e8b1800 3716   !   1       com.mysql.jdbc.ConnectionImpl::getCharacterSetMetadata (19 bytes)
Event: 3.545 Thread 0x000000001e8b1800 nmethod 3716 0x00000000035b0e90 code [0x00000000035b1000, 0x00000000035b12d0]
Event: 3.545 Thread 0x000000001e8b1800 3715   !   1       com.mysql.jdbc.StringUtils::getBytes (105 bytes)
Event: 3.545 Thread 0x000000001e8b1800 nmethod 3715 0x00000000035b13d0 code [0x00000000035b1600, 0x00000000035b1c18]
Event: 3.545 Thread 0x000000001e8b1800 3701       1       java.io.ObjectInputStream$BlockDataInputStream::getBlockDataMode (5 bytes)
Event: 3.546 Thread 0x000000001e8b1800 nmethod 3701 0x00000000035b2490 code [0x00000000035b25e0, 0x00000000035b26f0]

GC Heap History (10 events):
Event: 1.911 GC heap before
{Heap before GC invocations=4 (full 1):
 PSYoungGen      total 75776K, used 8308K [0x000000076b580000, 0x0000000774980000, 0x00000007c0000000)
  eden space 65024K, 0% used [0x000000076b580000,0x000000076b580000,0x000000076f500000)
  from space 10752K, 77% used [0x000000076f500000,0x000000076fd1d138,0x000000076ff80000)
  to   space 10752K, 0% used [0x0000000773f00000,0x0000000773f00000,0x0000000774980000)
 ParOldGen       total 173568K, used 40K [0x00000006c2000000, 0x00000006cc980000, 0x000000076b580000)
  object space 173568K, 0% used [0x00000006c2000000,0x00000006c200a000,0x00000006cc980000)
 Metaspace       used 20407K, capacity 21218K, committed 21296K, reserved 1067008K
  class space    used 2631K, capacity 2831K, committed 2864K, reserved 1048576K
Event: 1.933 GC heap after
Heap after GC invocations=4 (full 1):
 PSYoungGen      total 75776K, used 0K [0x000000076b580000, 0x0000000774980000, 0x00000007c0000000)
  eden space 65024K, 0% used [0x000000076b580000,0x000000076b580000,0x000000076f500000)
  from space 10752K, 0% used [0x000000076f500000,0x000000076f500000,0x000000076ff80000)
  to   space 10752K, 0% used [0x0000000773f00000,0x0000000773f00000,0x0000000774980000)
 ParOldGen       total 96768K, used 8092K [0x00000006c2000000, 0x00000006c7e80000, 0x000000076b580000)
  object space 96768K, 8% used [0x00000006c2000000,0x00000006c27e73e0,0x00000006c7e80000)
 Metaspace       used 20407K, capacity 21218K, committed 21296K, reserved 1067008K
  class space    used 2631K, capacity 2831K, committed 2864K, reserved 1048576K
}
Event: 2.389 GC heap before
{Heap before GC invocations=5 (full 1):
 PSYoungGen      total 75776K, used 65024K [0x000000076b580000, 0x0000000774980000, 0x00000007c0000000)
  eden space 65024K, 100% used [0x000000076b580000,0x000000076f500000,0x000000076f500000)
  from space 10752K, 0% used [0x000000076f500000,0x000000076f500000,0x000000076ff80000)
  to   space 10752K, 0% used [0x0000000773f00000,0x0000000773f00000,0x0000000774980000)
 ParOldGen       total 96768K, used 8092K [0x00000006c2000000, 0x00000006c7e80000, 0x000000076b580000)
  object space 96768K, 8% used [0x00000006c2000000,0x00000006c27e73e0,0x00000006c7e80000)
 Metaspace       used 24881K, capacity 26484K, committed 26800K, reserved 1073152K
  class space    used 3346K, capacity 3644K, committed 3760K, reserved 1048576K
Event: 2.394 GC heap after
Heap after GC invocations=5 (full 1):
 PSYoungGen      total 112128K, used 6833K [0x000000076b580000, 0x0000000774600000, 0x00000007c0000000)
  eden space 104960K, 0% used [0x000000076b580000,0x000000076b580000,0x0000000771c00000)
  from space 7168K, 95% used [0x0000000773f00000,0x00000007745ac518,0x0000000774600000)
  to   space 10752K, 0% used [0x0000000773100000,0x0000000773100000,0x0000000773b80000)
 ParOldGen       total 96768K, used 8100K [0x00000006c2000000, 0x00000006c7e80000, 0x000000076b580000)
  object space 96768K, 8% used [0x00000006c2000000,0x00000006c27e93e0,0x00000006c7e80000)
 Metaspace       used 24881K, capacity 26484K, committed 26800K, reserved 1073152K
  class space    used 3346K, capacity 3644K, committed 3760K, reserved 1048576K
}
Event: 2.958 GC heap before
{Heap before GC invocations=6 (full 1):
 PSYoungGen      total 112128K, used 111793K [0x000000076b580000, 0x0000000774600000, 0x00000007c0000000)
  eden space 104960K, 100% used [0x000000076b580000,0x0000000771c00000,0x0000000771c00000)
  from space 7168K, 95% used [0x0000000773f00000,0x00000007745ac518,0x0000000774600000)
  to   space 10752K, 0% used [0x0000000773100000,0x0000000773100000,0x0000000773b80000)
 ParOldGen       total 96768K, used 8100K [0x00000006c2000000, 0x00000006c7e80000, 0x000000076b580000)
  object space 96768K, 8% used [0x00000006c2000000,0x00000006c27e93e0,0x00000006c7e80000)
 Metaspace       used 31272K, capacity 33148K, committed 33456K, reserved 1079296K
  class space    used 4061K, capacity 4406K, committed 4528K, reserved 1048576K
Event: 2.969 GC heap after
Heap after GC invocations=6 (full 1):
 PSYoungGen      total 137216K, used 10467K [0x000000076b580000, 0x0000000777080000, 0x00000007c0000000)
  eden space 126464K, 0% used [0x000000076b580000,0x000000076b580000,0x0000000773100000)
  from space 10752K, 97% used [0x0000000773100000,0x0000000773b38f68,0x0000000773b80000)
  to   space 11264K, 0% used [0x0000000776580000,0x0000000776580000,0x0000000777080000)
 ParOldGen       total 96768K, used 8108K [0x00000006c2000000, 0x00000006c7e80000, 0x000000076b580000)
  object space 96768K, 8% used [0x00000006c2000000,0x00000006c27eb3e0,0x00000006c7e80000)
 Metaspace       used 31272K, capacity 33148K, committed 33456K, reserved 1079296K
  class space    used 4061K, capacity 4406K, committed 4528K, reserved 1048576K
}
Event: 3.160 GC heap before
{Heap before GC invocations=7 (full 1):
 PSYoungGen      total 137216K, used 32299K [0x000000076b580000, 0x0000000777080000, 0x00000007c0000000)
  eden space 126464K, 17% used [0x000000076b580000,0x000000076cad1f48,0x0000000773100000)
  from space 10752K, 97% used [0x0000000773100000,0x0000000773b38f68,0x0000000773b80000)
  to   space 11264K, 0% used [0x0000000776580000,0x0000000776580000,0x0000000777080000)
 ParOldGen       total 96768K, used 8108K [0x00000006c2000000, 0x00000006c7e80000, 0x000000076b580000)
  object space 96768K, 8% used [0x00000006c2000000,0x00000006c27eb3e0,0x00000006c7e80000)
 Metaspace       used 33538K, capacity 35300K, committed 35496K, reserved 1081344K
  class space    used 4283K, capacity 4606K, committed 4656K, reserved 1048576K
Event: 3.169 GC heap after
Heap after GC invocations=7 (full 1):
 PSYoungGen      total 179712K, used 9734K [0x000000076b580000, 0x0000000779d00000, 0x00000007c0000000)
  eden space 168448K, 0% used [0x000000076b580000,0x000000076b580000,0x0000000775a00000)
  from space 11264K, 86% used [0x0000000776580000,0x0000000776f01850,0x0000000777080000)
  to   space 11776K, 0% used [0x0000000775a00000,0x0000000775a00000,0x0000000776580000)
 ParOldGen       total 96768K, used 8116K [0x00000006c2000000, 0x00000006c7e80000, 0x000000076b580000)
  object space 96768K, 8% used [0x00000006c2000000,0x00000006c27ed3e0,0x00000006c7e80000)
 Metaspace       used 33538K, capacity 35300K, committed 35496K, reserved 1081344K
  class space    used 4283K, capacity 4606K, committed 4656K, reserved 1048576K
}
Event: 3.169 GC heap before
{Heap before GC invocations=8 (full 2):
 PSYoungGen      total 179712K, used 9734K [0x000000076b580000, 0x0000000779d00000, 0x00000007c0000000)
  eden space 168448K, 0% used [0x000000076b580000,0x000000076b580000,0x0000000775a00000)
  from space 11264K, 86% used [0x0000000776580000,0x0000000776f01850,0x0000000777080000)
  to   space 11776K, 0% used [0x0000000775a00000,0x0000000775a00000,0x0000000776580000)
 ParOldGen       total 96768K, used 8116K [0x00000006c2000000, 0x00000006c7e80000, 0x000000076b580000)
  object space 96768K, 8% used [0x00000006c2000000,0x00000006c27ed3e0,0x00000006c7e80000)
 Metaspace       used 33538K, capacity 35300K, committed 35496K, reserved 1081344K
  class space    used 4283K, capacity 4606K, committed 4656K, reserved 1048576K
Event: 3.199 GC heap after
Heap after GC invocations=8 (full 2):
 PSYoungGen      total 179712K, used 0K [0x000000076b580000, 0x0000000779d00000, 0x00000007c0000000)
  eden space 168448K, 0% used [0x000000076b580000,0x000000076b580000,0x0000000775a00000)
  from space 11264K, 0% used [0x0000000776580000,0x0000000776580000,0x0000000777080000)
  to   space 11776K, 0% used [0x0000000775a00000,0x0000000775a00000,0x0000000776580000)
 ParOldGen       total 140800K, used 15625K [0x00000006c2000000, 0x00000006ca980000, 0x000000076b580000)
  object space 140800K, 11% used [0x00000006c2000000,0x00000006c2f42568,0x00000006ca980000)
 Metaspace       used 33538K, capacity 35300K, committed 35496K, reserved 1081344K
  class space    used 4283K, capacity 4606K, committed 4656K, reserved 1048576K
}

Deoptimization events (0 events):
No events

Classes redefined (0 events):
No events

Internal exceptions (10 events):
Event: 3.401 Thread 0x0000000002b78000 Exception <a 'java/lang/ArrayIndexOutOfBoundsException'> (0x000000076f1128c8) thrown at [C:\jenkins\workspace\8-2-build-windows-amd64-cygwin\jdk8u251\737\hotspot\src\share\vm\runtime\sharedRuntime.cpp, line 605]
Event: 3.401 Thread 0x0000000002b78000 Exception <a 'java/lang/ArrayIndexOutOfBoundsException'> (0x000000076f115460) thrown at [C:\jenkins\workspace\8-2-build-windows-amd64-cygwin\jdk8u251\737\hotspot\src\share\vm\runtime\sharedRuntime.cpp, line 605]
Event: 3.401 Thread 0x0000000002b78000 Exception <a 'java/lang/ArrayIndexOutOfBoundsException'> (0x000000076f117a38) thrown at [C:\jenkins\workspace\8-2-build-windows-amd64-cygwin\jdk8u251\737\hotspot\src\share\vm\runtime\sharedRuntime.cpp, line 605]
Event: 3.401 Thread 0x0000000002b78000 Exception <a 'java/lang/ArrayIndexOutOfBoundsException'> (0x000000076f1198d0) thrown at [C:\jenkins\workspace\8-2-build-windows-amd64-cygwin\jdk8u251\737\hotspot\src\share\vm\runtime\sharedRuntime.cpp, line 605]
Event: 3.401 Thread 0x0000000002b78000 Exception <a 'java/lang/ArrayIndexOutOfBoundsException'> (0x000000076f11a828) thrown at [C:\jenkins\workspace\8-2-build-windows-amd64-cygwin\jdk8u251\737\hotspot\src\share\vm\runtime\sharedRuntime.cpp, line 605]
Event: 3.401 Thread 0x0000000002b78000 Exception <a 'java/lang/ArrayIndexOutOfBoundsException'> (0x000000076f11b920) thrown at [C:\jenkins\workspace\8-2-build-windows-amd64-cygwin\jdk8u251\737\hotspot\src\share\vm\runtime\sharedRuntime.cpp, line 605]
Event: 3.442 Thread 0x0000000002b78000 Exception <a 'java/lang/IncompatibleClassChangeError': Found class java.lang.Object, but interface was expected> (0x000000076f7f0670) thrown at [C:\jenkins\workspace\8-2-build-windows-amd64-cygwin\jdk8u251\737\hotspot\src\share\vm\interpreter\linkResolver
Event: 3.488 Thread 0x0000000002b78000 Exception <a 'java/lang/ArrayIndexOutOfBoundsException'> (0x0000000770089c58) thrown at [C:\jenkins\workspace\8-2-build-windows-amd64-cygwin\jdk8u251\737\hotspot\src\share\vm\runtime\sharedRuntime.cpp, line 605]
Event: 3.490 Thread 0x0000000002b78000 Exception <a 'java/lang/ArrayIndexOutOfBoundsException'> (0x00000007700a4840) thrown at [C:\jenkins\workspace\8-2-build-windows-amd64-cygwin\jdk8u251\737\hotspot\src\share\vm\runtime\sharedRuntime.cpp, line 605]
Event: 3.491 Thread 0x0000000002b78000 Exception <a 'java/lang/ArrayIndexOutOfBoundsException'> (0x00000007700a8870) thrown at [C:\jenkins\workspace\8-2-build-windows-amd64-cygwin\jdk8u251\737\hotspot\src\share\vm\runtime\sharedRuntime.cpp, line 605]

Events (10 events):
Event: 3.545 Thread 0x0000000002b78000 DEOPT PACKING pc=0x0000000002ff798c sp=0x0000000002b5d550
Event: 3.545 Thread 0x0000000002b78000 DEOPT UNPACKING pc=0x0000000002e47890 sp=0x0000000002b5d370 mode 1
Event: 3.546 loading class org/hibernate/engine/jdbc/spi/TypeSearchability
Event: 3.546 loading class org/hibernate/engine/jdbc/spi/TypeSearchability done
Event: 3.546 Thread 0x0000000020a4f800 DEOPT PACKING pc=0x0000000003046791 sp=0x00000000228dcfd0
Event: 3.546 Thread 0x0000000020a4f800 DEOPT UNPACKING pc=0x0000000002e47890 sp=0x00000000228dcd20 mode 1
Event: 3.546 Thread 0x0000000020a4f800 DEOPT PACKING pc=0x0000000002ff7a44 sp=0x00000000228dd050
Event: 3.546 Thread 0x0000000020a4f800 DEOPT UNPACKING pc=0x0000000002e47890 sp=0x00000000228dce70 mode 1
Event: 3.546 Thread 0x0000000020a4f800 DEOPT PACKING pc=0x0000000002ff798c sp=0x00000000228dd1e0
Event: 3.546 Thread 0x0000000020a4f800 DEOPT UNPACKING pc=0x0000000002e47890 sp=0x00000000228dd000 mode 1


Dynamic libraries:
0x00007ff769f90000 - 0x00007ff769fc7000 	C:\Program Files\Java\jdk1.8.0_251\bin\java.exe
0x00007ffc9a190000 - 0x00007ffc9a37d000 	C:\Windows\SYSTEM32\ntdll.dll
0x00007ffc98de0000 - 0x00007ffc98e93000 	C:\Windows\System32\KERNEL32.DLL
0x00007ffc96810000 - 0x00007ffc96aa4000 	C:\Windows\System32\KERNELBASE.dll
0x00007ffc99100000 - 0x00007ffc991a3000 	C:\Windows\System32\ADVAPI32.dll
0x00007ffc998e0000 - 0x00007ffc9997e000 	C:\Windows\System32\msvcrt.dll
0x00007ffc99980000 - 0x00007ffc99a1e000 	C:\Windows\System32\sechost.dll
0x00007ffc98fd0000 - 0x00007ffc990f2000 	C:\Windows\System32\RPCRT4.dll
0x00007ffc974a0000 - 0x00007ffc97637000 	C:\Windows\System32\USER32.dll
0x00007ffc96320000 - 0x00007ffc96340000 	C:\Windows\System32\win32u.dll
0x00007ffc99480000 - 0x00007ffc994a9000 	C:\Windows\System32\GDI32.dll
0x00007ffc96520000 - 0x00007ffc966bb000 	C:\Windows\System32\gdi32full.dll
0x00007ffc96ab0000 - 0x00007ffc96b50000 	C:\Windows\System32\msvcp_win.dll
0x00007ffc966c0000 - 0x00007ffc967ba000 	C:\Windows\System32\ucrtbase.dll
0x00007ffc83390000 - 0x00007ffc83609000 	C:\Windows\WinSxS\amd64_microsoft.windows.common-controls_6595b64144ccf1df_6.0.17763.1397_none_de7645305346d5dc\COMCTL32.dll
0x00007ffc99530000 - 0x00007ffc9985c000 	C:\Windows\System32\combase.dll
0x00007ffc962a0000 - 0x00007ffc9631e000 	C:\Windows\System32\bcryptPrimitives.dll
0x00007ffc99450000 - 0x00007ffc9947e000 	C:\Windows\System32\IMM32.DLL
0x000000006bc90000 - 0x000000006bd62000 	C:\Program Files\Java\jdk1.8.0_251\jre\bin\msvcr100.dll
0x000000006b3e0000 - 0x000000006bc8b000 	C:\Program Files\Java\jdk1.8.0_251\jre\bin\server\jvm.dll
0x00007ffc97490000 - 0x00007ffc97498000 	C:\Windows\System32\PSAPI.DLL
0x00007ffc81bd0000 - 0x00007ffc81bd9000 	C:\Windows\SYSTEM32\WSOCK32.dll
0x00007ffc99320000 - 0x00007ffc9938d000 	C:\Windows\System32\WS2_32.dll
0x00007ffc8ced0000 - 0x00007ffc8ceda000 	C:\Windows\SYSTEM32\VERSION.dll
0x00007ffc93d60000 - 0x00007ffc93d84000 	C:\Windows\SYSTEM32\WINMM.dll
0x00007ffc93d30000 - 0x00007ffc93d5d000 	C:\Windows\SYSTEM32\WINMMBASE.dll
0x00007ffc97360000 - 0x00007ffc973aa000 	C:\Windows\System32\cfgmgr32.dll
0x00007ffc87170000 - 0x00007ffc8717f000 	C:\Program Files\Java\jdk1.8.0_251\jre\bin\verify.dll
0x00007ffc7d060000 - 0x00007ffc7d089000 	C:\Program Files\Java\jdk1.8.0_251\jre\bin\java.dll
0x00007ffc80270000 - 0x00007ffc802a5000 	C:\Program Files\Java\jdk1.8.0_251\jre\bin\jdwp.dll
0x00007ffc802e0000 - 0x00007ffc802e8000 	C:\Program Files\Java\jdk1.8.0_251\jre\bin\npt.dll
0x00007ffc80240000 - 0x00007ffc80263000 	C:\Program Files\Java\jdk1.8.0_251\jre\bin\instrument.dll
0x00007ffc81d50000 - 0x00007ffc81d66000 	C:\Program Files\Java\jdk1.8.0_251\jre\bin\zip.dll
0x00007ffc97640000 - 0x00007ffc98b38000 	C:\Windows\System32\SHELL32.dll
0x00007ffc9a050000 - 0x00007ffc9a0f9000 	C:\Windows\System32\shcore.dll
0x00007ffc96b50000 - 0x00007ffc972a3000 	C:\Windows\System32\windows.storage.dll
0x00007ffc961f0000 - 0x00007ffc96214000 	C:\Windows\System32\profapi.dll
0x00007ffc96190000 - 0x00007ffc961ed000 	C:\Windows\System32\powrprof.dll
0x00007ffc98ea0000 - 0x00007ffc98ef2000 	C:\Windows\System32\shlwapi.dll
0x00007ffc96170000 - 0x00007ffc96181000 	C:\Windows\System32\kernel.appcore.dll
0x00007ffc967c0000 - 0x00007ffc967d7000 	C:\Windows\System32\cryptsp.dll
0x00007ffc80230000 - 0x00007ffc80239000 	C:\Program Files\Java\jdk1.8.0_251\jre\bin\dt_socket.dll
0x00007ffc959d0000 - 0x00007ffc95a37000 	C:\Windows\system32\mswsock.dll
0x00007ffc7d040000 - 0x00007ffc7d05a000 	C:\Program Files\Java\jdk1.8.0_251\jre\bin\net.dll
0x00007ffc95730000 - 0x00007ffc957f7000 	C:\Windows\SYSTEM32\DNSAPI.dll
0x00007ffc98b40000 - 0x00007ffc98b48000 	C:\Windows\System32\NSI.dll
0x00007ffc956f0000 - 0x00007ffc9572d000 	C:\Windows\SYSTEM32\IPHLPAPI.DLL
0x00007ffc83770000 - 0x00007ffc8377a000 	C:\Windows\System32\rasadhlp.dll
0x00007ffc83820000 - 0x00007ffc83899000 	C:\Windows\System32\fwpuclnt.dll
0x00007ffc967e0000 - 0x00007ffc96806000 	C:\Windows\System32\bcrypt.dll
0x00007ffc7d0b0000 - 0x00007ffc7d0bd000 	C:\Program Files\Java\jdk1.8.0_251\jre\bin\management.dll
0x00007ffc773f0000 - 0x00007ffc77402000 	C:\Program Files\Java\jdk1.8.0_251\jre\bin\nio.dll
0x00007ffc954f0000 - 0x00007ffc95523000 	C:\Windows\system32\rsaenh.dll
0x00007ffc96060000 - 0x00007ffc96088000 	C:\Windows\SYSTEM32\USERENV.dll
0x00007ffc95ba0000 - 0x00007ffc95bac000 	C:\Windows\SYSTEM32\CRYPTBASE.dll
0x00007ffc8ce50000 - 0x00007ffc8ce66000 	C:\Windows\SYSTEM32\dhcpcsvc6.DLL
0x00007ffc8cf70000 - 0x00007ffc8cf8c000 	C:\Windows\SYSTEM32\dhcpcsvc.DLL
0x00007ffc798f0000 - 0x00007ffc79906000 	C:\Windows\system32\napinsp.dll
0x00007ffc798d0000 - 0x00007ffc798ea000 	C:\Windows\system32\pnrpnsp.dll
0x00007ffc798c0000 - 0x00007ffc798ce000 	C:\Windows\System32\winrnr.dll
0x00007ffc929e0000 - 0x00007ffc929fb000 	C:\Windows\system32\NLAapi.dll
0x00007ffc798a0000 - 0x00007ffc798b5000 	C:\Windows\system32\wshbth.dll
0x00007ffc79660000 - 0x00007ffc79684000 	C:\Program Files\Java\jdk1.8.0_251\jre\bin\sunec.dll
0x00007ffc82650000 - 0x00007ffc8265c000 	C:\Program Files\Java\jdk1.8.0_251\jre\bin\sunmscapi.dll
0x00007ffc96340000 - 0x00007ffc9651c000 	C:\Windows\System32\CRYPT32.dll
0x00007ffc96220000 - 0x00007ffc96232000 	C:\Windows\System32\MSASN1.dll
0x00007ffc95ca0000 - 0x00007ffc95cc6000 	C:\Windows\SYSTEM32\ncrypt.dll
0x00007ffc95c60000 - 0x00007ffc95c9c000 	C:\Windows\SYSTEM32\NTASN1.dll
0x00007ffc80970000 - 0x00007ffc80b5d000 	C:\Windows\SYSTEM32\dbghelp.dll

VM Arguments:
jvm_args: -agentlib:jdwp=transport=dt_socket,address=127.0.0.1:63848,suspend=y,server=n -XX:TieredStopAtLevel=1 -Xverify:none -Dspring.output.ansi.enabled=always -Dcom.sun.management.jmxremote -Dspring.jmx.enabled=true -Dspring.liveBeansView.mbeanDomain -Dspring.application.admin.enabled=true -javaagent:C:\Users\Administrator\AppData\Local\JetBrains\IntelliJIdea2020.1\captureAgent\debugger-agent.jar -Dfile.encoding=UTF-8 
java_command: com.lxk.springjpa.SpringjpaApplication
java_class_path (initial): C:\Program Files\Java\jdk1.8.0_251\jre\lib\charsets.jar;C:\Program Files\Java\jdk1.8.0_251\jre\lib\deploy.jar;C:\Program Files\Java\jdk1.8.0_251\jre\lib\ext\access-bridge-64.jar;C:\Program Files\Java\jdk1.8.0_251\jre\lib\ext\cldrdata.jar;C:\Program Files\Java\jdk1.8.0_251\jre\lib\ext\dnsns.jar;C:\Program Files\Java\jdk1.8.0_251\jre\lib\ext\jaccess.jar;C:\Program Files\Java\jdk1.8.0_251\jre\lib\ext\jfxrt.jar;C:\Program Files\Java\jdk1.8.0_251\jre\lib\ext\localedata.jar;C:\Program Files\Java\jdk1.8.0_251\jre\lib\ext\nashorn.jar;C:\Program Files\Java\jdk1.8.0_251\jre\lib\ext\sunec.jar;C:\Program Files\Java\jdk1.8.0_251\jre\lib\ext\sunjce_provider.jar;C:\Program Files\Java\jdk1.8.0_251\jre\lib\ext\sunmscapi.jar;C:\Program Files\Java\jdk1.8.0_251\jre\lib\ext\sunpkcs11.jar;C:\Program Files\Java\jdk1.8.0_251\jre\lib\ext\zipfs.jar;C:\Program Files\Java\jdk1.8.0_251\jre\lib\javaws.jar;C:\Program Files\Java\jdk1.8.0_251\jre\lib\jce.jar;C:\Program Files\Java\jdk1.8.0_251\jre\lib\jfr.jar;C:\Program Files\Java\jdk1.8.0_251\jre\lib\jfxswt.jar;C:\Program Files\Java\jdk1.8.0_251\jre\lib\jsse.jar;C:\Program Files\Java\jdk1.8.0_251\jre\lib\management-agent.jar;C:\Program Files\Java\jdk1.8.0_251\jre\lib\plugin.jar;C:\Program Files\Java\jdk1.8.0_251\jre\lib\resources.jar;C:\Program Files\Java\jdk1.8.0_251\jre\lib\rt.jar;F:\code\springjpa\target\classes;C:\Program Files\apache-maven-3.6.3\repositories\org\springframework\boot\spring-boot-starter-web\2.3.3.RELEASE\spring-boot-starter-web-2.3.3.RELEASE.jar;C:\Program Files\apache-maven-3.6.3\repositories\org\springframework\boot\spring-boot-starter\2.3.3.RELEASE\spring-boot-starter-2.3.3.RELEASE.jar;C:\Program Files\apache-maven-3.6.3\repositories\org\springframework\boot\spring-boot\2.3.3.RELEASE\spring-boot-2.3.3.RELEASE.jar;C:\Program Files\apache-maven-3.6.3\repositories\org\springframework\boot\spring-boot-autoconfigure\2.3.3.RELEASE\spring-boot-autoconfigure-2.3.3.RELEASE.jar;C:\Program Files\apache-mave
Launcher Type: SUN_STANDARD

Environment Variables:
PATH=C:\Program Files (x86)\NetSarang\Xftp 6\;C:\Program Files (x86)\NetSarang\Xshell 6\;C:\Program Files (x86)\Common Files\Oracle\Java\javapath;C:\Windows\system32;C:\Windows;C:\Windows\System32\Wbem;C:\Windows\System32\WindowsPowerShell\v1.0\;C:\Windows\System32\OpenSSH\;C:\Program Files\TortoiseGit\bin;C:\Program Files\Git\cmd;C:\Program Files\MySQL\MySQL Server 8.0\bin;C:\Program Files\apache-maven-3.6.3\bin;C:\Program Files\nodejs\;%ERLANG_HOME%\bin;C:\Program Files\RabbitMQ Server\rabbitmq_server-3.7.4\sbin;C:\Program Files\MySQL\MySQL Shell 8.0\bin\;C:\Users\Administrator\AppData\Local\Microsoft\WindowsApps;;C:\Program Files\Microsoft VS Code\bin;C:\Users\Administrator\AppData\Roaming\npm
USERNAME=Administrator
OS=Windows_NT
PROCESSOR_IDENTIFIER=Intel64 Family 6 Model 158 Stepping 13, GenuineIntel



---------------  S Y S T E M  ---------------

OS: Windows 10.0 , 64 bit Build 17763 (10.0.17763.1339)

CPU:total 6 (initial active 6) (6 cores per cpu, 1 threads per core) family 6 model 158 stepping 13, cmov, cx8, fxsr, mmx, sse, sse2, sse3, ssse3, sse4.1, sse4.2, popcnt, avx, avx2, aes, clmul, erms, 3dnowpref, lzcnt, tsc, tscinvbit, bmi1, bmi2, adx

Memory: 4k page, physical 16640904k(2515180k free), swap 32369796k(0k free)

vm_info: Java HotSpot(TM) 64-Bit Server VM (25.251-b08) for windows-amd64 JRE (1.8.0_251-b08), built on Mar 12 2020 06:31:49 by "" with MS VC++ 10.0 (VS2010)

time: Sat Sep 05 17:40:48 2020
timezone: 中国标准时间
elapsed time: 3 seconds (0d 0h 0m 3s)

